%MSG-i PopCon:  RPCLBLinkMapPopConAnalyzer:RPCLBLinkMapPopConAnalyzer@ctor  26-Jul-2018 19:08:14 CEST pre-events
This is PopCon (Populator of Condition) v5.0.
Please report any problem and feature request through the JIRA project CMSCONDDB.

%MSG
%MSG-i RPCDCCLinkMapHandler:   RPCLBLinkMapPopConAnalyzer:RPCLBLinkMapPopConAnalyzer@ctor  26-Jul-2018 19:08:14 CEST pre-events
Configuring Input Connection
%MSG
Begin processing the 1st record. Run 1, Event 1, LumiSection 1 on stream 0 at 26-Jul-2018 19:08:14.277 CEST
%MSG-i PopCon:  RPCLBLinkMapPopConAnalyzer:RPCLBLinkMapPopConAnalyzer@endJob  26-Jul-2018 19:08:14 CEST PostGlobalEndRun
payload name 
%MSG
%MSG-i PopCon:  RPCLBLinkMapPopConAnalyzer:RPCLBLinkMapPopConAnalyzer@endJob  26-Jul-2018 19:08:14 CEST PostGlobalEndRun
destination DB: sqlite_file:data/RPCLinkMap.db, target DB: sqlite_file:data/RPCLinkMap.db
TAG: RPCLBLinkMap_v1, last since/till: 1/18446744073709551615, size: 3

%MSG
%MSG-i RPCLBLinkMapHandler:   RPCLBLinkMapPopConAnalyzer:RPCLBLinkMapPopConAnalyzer@endJob  26-Jul-2018 19:08:14 CEST PostGlobalEndRun
getNewObjects
%MSG
%MSG-i RPCDCCLinkMapHandler:   RPCLBLinkMapPopConAnalyzer:RPCLBLinkMapPopConAnalyzer@endJob  26-Jul-2018 19:08:14 CEST PostGlobalEndRun
Opening read-only Input Session
%MSG
%MSG-i RPCDCCLinkMapHandler:   RPCLBLinkMapPopConAnalyzer:RPCLBLinkMapPopConAnalyzer@endJob  26-Jul-2018 19:08:14 CEST PostGlobalEndRun
Started Input Transaction
%MSG
%MSG-i RPCLBLinkMapHandler:   RPCLBLinkMapPopConAnalyzer:RPCLBLinkMapPopConAnalyzer@endJob  26-Jul-2018 19:08:14 CEST PostGlobalEndRun
Execute query
%MSG
%MSG-i RPCLBLinkMapHandler:   RPCLBLinkMapPopConAnalyzer:RPCLBLinkMapPopConAnalyzer@endJob  26-Jul-2018 19:08:20 CEST PostGlobalEndRun
Fill txtFile
%MSG
%MSG-i RPCLBLinkMapHandler:   RPCLBLinkMapPopConAnalyzer:RPCLBLinkMapPopConAnalyzer@endJob  26-Jul-2018 19:08:20 CEST PostGlobalEndRun
Add to transfer list
%MSG
%MSG-i PopCon:  RPCLBLinkMapPopConAnalyzer:RPCLBLinkMapPopConAnalyzer@endJob  26-Jul-2018 19:08:20 CEST PostGlobalEndRun
Since 1
%MSG
