%MSG-i PopCon:   RPCAMCLinkMapPopConAnalyzer:RPCTwinMuxLinkMapPopConAnalyzer@ctor  26-Jul-2018 19:08:25 CEST pre-events
This is PopCon (Populator of Condition) v5.0.
Please report any problem and feature request through the JIRA project CMSCONDDB.

%MSG
Begin processing the 1st record. Run 1, Event 1, LumiSection 1 on stream 0 at 26-Jul-2018 19:08:25.206 CEST
%MSG-i PopCon:   RPCAMCLinkMapPopConAnalyzer:RPCTwinMuxLinkMapPopConAnalyzer@endJob  26-Jul-2018 19:08:25 CEST PostGlobalEndRun
payload name 
%MSG
%MSG-i PopCon:   RPCAMCLinkMapPopConAnalyzer:RPCTwinMuxLinkMapPopConAnalyzer@endJob  26-Jul-2018 19:08:25 CEST PostGlobalEndRun
destination DB: sqlite_file:data/RPCLinkMap.db, target DB: sqlite_file:data/RPCLinkMap.db
TAG: RPCTwinMuxLinkMap_v1, last since/till: 1/18446744073709551615, size: 3

%MSG
%MSG-i RPCAMCLinkMapHandler:   RPCAMCLinkMapPopConAnalyzer:RPCTwinMuxLinkMapPopConAnalyzer@endJob  26-Jul-2018 19:08:25 CEST PostGlobalEndRun
getNewObjects
%MSG
%MSG-i RPCAMCLinkMapHandler:   RPCAMCLinkMapPopConAnalyzer:RPCTwinMuxLinkMapPopConAnalyzer@endJob  26-Jul-2018 19:08:25 CEST PostGlobalEndRun
Fill txtFile
%MSG
%MSG-i RPCAMCLinkMapHandler:   RPCAMCLinkMapPopConAnalyzer:RPCTwinMuxLinkMapPopConAnalyzer@endJob  26-Jul-2018 19:08:25 CEST PostGlobalEndRun
Add to transfer list
%MSG
%MSG-i PopCon:   RPCAMCLinkMapPopConAnalyzer:RPCTwinMuxLinkMapPopConAnalyzer@endJob  26-Jul-2018 19:08:25 CEST PostGlobalEndRun
Since 1
%MSG
